<?xml version="1.0" encoding="UTF-8"?>
<!-- Generated by org.testng.reporters.JUnitReportReporter -->
<testsuite hostname="LAPTOP-C31BPCAE" failures="0" tests="1" name="project.Q3" time="25.010" errors="0" timestamp="2025-08-26T18:42:15 IST" skipped="0">
  <testcase classname="project.Q3" name="f" time="25.010"/>
</testsuite> <!-- project.Q3 -->
