<?xml version="1.0" encoding="UTF-8"?>
<!-- Generated by org.testng.reporters.JUnitReportReporter -->
<testsuite hostname="LAPTOP-C31BPCAE" failures="0" tests="1" name="pac2.lab11_4" time="15.713" errors="0" timestamp="2025-08-22T20:27:17 IST" skipped="0">
  <testcase classname="pac2.lab11_4" name="f" time="15.713"/>
</testsuite> <!-- pac2.lab11_4 -->
