<?xml version="1.0" encoding="UTF-8"?>
<!-- Generated by org.testng.reporters.JUnitReportReporter -->
<testsuite hostname="LAPTOP-C31BPCAE" failures="0" tests="1" name="pac2.jenkinstest" time="17.778" errors="0" timestamp="2025-08-26T17:34:09 IST" skipped="0">
  <testcase classname="pac2.jenkinstest" name="f" time="17.778"/>
</testsuite> <!-- pac2.jenkinstest -->
