<?xml version="1.0" encoding="UTF-8"?>
<!-- Generated by org.testng.reporters.JUnitReportReporter -->
<testsuite hostname="LAPTOP-C31BPCAE" failures="0" tests="1" name="project.Q5" time="4.934" errors="0" timestamp="2025-08-26T15:40:56 IST" skipped="0">
  <testcase classname="project.Q5" name="handleAlert" time="4.934"/>
</testsuite> <!-- project.Q5 -->
