<?xml version="1.0" encoding="UTF-8"?>
<!-- Generated by org.testng.reporters.JUnitReportReporter -->
<testsuite hostname="LAPTOP-C31BPCAE" failures="0" tests="2" name="pac2.lab16" time="38.939" errors="0" timestamp="2025-08-22T20:52:50 IST" skipped="0">
  <testcase classname="pac2.lab16" name="f" time="20.346"/>
  <testcase classname="pac2.lab16" name="f" time="18.593"/>
</testsuite> <!-- pac2.lab16 -->
