<?xml version="1.0" encoding="UTF-8"?>
<!-- Generated by org.testng.reporters.JUnitReportReporter -->
<testsuite hostname="LAPTOP-C31BPCAE" failures="0" tests="1" name="project.Q2" time="14.181" errors="0" timestamp="2025-08-26T18:34:49 IST" skipped="0">
  <testcase classname="project.Q2" name="Login" time="14.181"/>
</testsuite> <!-- project.Q2 -->
