<?xml version="1.0" encoding="UTF-8"?>
<!-- Generated by org.testng.reporters.JUnitReportReporter -->
<testsuite hostname="LAPTOP-C31BPCAE" failures="0" tests="1" name="project.Q4" time="10.362" errors="0" timestamp="2025-08-26T15:22:11 IST" skipped="0">
  <testcase classname="project.Q4" name="selectOption" time="10.362"/>
</testsuite> <!-- project.Q4 -->
