<?xml version="1.0" encoding="UTF-8"?>
<!-- Generated by org.testng.reporters.JUnitReportReporter -->
<testsuite hostname="LAPTOP-C31BPCAE" failures="0" tests="2" name="pac2.lab16" time="87.178" errors="0" timestamp="2025-08-25T11:11:42 IST" skipped="0">
  <testcase classname="pac2.lab16" name="f" time="56.955"/>
  <testcase classname="pac2.lab16" name="f" time="30.223"/>
</testsuite> <!-- pac2.lab16 -->
