<?xml version="1.0" encoding="UTF-8"?>
<!-- Generated by org.testng.reporters.JUnitReportReporter -->
<testsuite hostname="LAPTOP-C31BPCAE" failures="0" tests="2" name="project.Q1_java" time="13.527" errors="0" timestamp="2025-08-26T10:24:53 IST" skipped="0">
  <testcase classname="project.Q1_java" name="verificationtitle" time="9.120"/>
  <testcase classname="project.Q1_java" name="verificationtitle" time="4.407"/>
</testsuite> <!-- project.Q1_java -->
