<?xml version="1.0" encoding="UTF-8"?>
<!-- Generated by org.testng.reporters.JUnitReportReporter -->
<testsuite hostname="LAPTOP-C31BPCAE" failures="0" tests="1" name="pac2.lab8_3" time="17.697" errors="0" timestamp="2025-08-19T14:58:53 IST" skipped="0">
  <testcase classname="pac2.lab8_3" name="f" time="17.697"/>
</testsuite> <!-- pac2.lab8_3 -->
