<?xml version="1.0" encoding="UTF-8"?>
<!-- Generated by org.testng.reporters.JUnitReportReporter -->
<testsuite hostname="LAPTOP-C31BPCAE" failures="0" tests="2" name="pac2.login_pagefactory" time="81.763" errors="0" timestamp="2025-08-20T13:05:25 IST" skipped="0">
  <testcase classname="pac2.login_pagefactory" name="f" time="24.390"/>
  <testcase classname="pac2.login_pagefactory" name="f" time="57.373"/>
</testsuite> <!-- pac2.login_pagefactory -->
