<?xml version="1.0" encoding="UTF-8"?>
<!-- Generated by org.testng.reporters.JUnitReportReporter -->
<testsuite hostname="LAPTOP-C31BPCAE" failures="0" tests="3" name="pac2.lab14" time="65.795" errors="0" timestamp="2025-08-22T19:45:47 IST" skipped="0">
  <testcase classname="pac2.lab14" name="f" time="19.775"/>
  <testcase classname="pac2.lab14" name="f" time="23.854"/>
  <testcase classname="pac2.lab14" name="f" time="22.166"/>
</testsuite> <!-- pac2.lab14 -->
