<?xml version="1.0" encoding="UTF-8"?>
<!-- Generated by org.testng.reporters.JUnitReportReporter -->
<testsuite hostname="LAPTOP-C31BPCAE" failures="0" tests="1" name="project.Q6" time="0.883" errors="0" timestamp="2025-08-26T16:05:13 IST" skipped="0">
  <testcase classname="project.Q6" name="Checkboxes" time="0.883"/>
</testsuite> <!-- project.Q6 -->
