<?xml version="1.0" encoding="UTF-8"?>
<!-- Generated by org.testng.reporters.JUnitReportReporter -->
<testsuite hostname="LAPTOP-C31BPCAE" failures="0" tests="1" name="project.Q2" time="13.135" errors="0" timestamp="2025-08-26T14:20:54 IST" skipped="0">
  <testcase classname="project.Q2" name="Login" time="13.135"/>
</testsuite> <!-- project.Q2 -->
