<?xml version="1.0" encoding="UTF-8"?>
<!-- Generated by org.testng.reporters.JUnitReportReporter -->
<testsuite hostname="LAPTOP-C31BPCAE" failures="0" tests="2" name="project.Q1" time="12.714" errors="0" timestamp="2025-08-26T18:27:41 IST" skipped="0">
  <testcase classname="project.Q1" name="verificationtitle" time="8.612"/>
  <testcase classname="project.Q1" name="verificationtitle" time="4.102"/>
</testsuite> <!-- project.Q1 -->
