<?xml version="1.0" encoding="UTF-8"?>
<!-- Generated by org.testng.reporters.JUnitReportReporter -->
<testsuite hostname="LAPTOP-C31BPCAE" failures="0" tests="1" name="pac2.test2" time="14.639" errors="0" timestamp="2025-08-19T09:34:12 IST" skipped="0">
  <testcase classname="pac2.test2" name="test" time="14.639"/>
</testsuite> <!-- pac2.test2 -->
